2017-12-10 17:48:30.618 INFO [main]c.y.p.springbootjdbc.SpringBootJdbcApplicationTests.logStarting:48 - Starting SpringBootJdbcApplicationTests on sunshine with PID 16796 (started by peter in C:\Users\peter\Desktop\myproject\multi-module-product\spring-boot-jdbc)
2017-12-10 17:48:30.622 INFO [main]c.y.p.springbootjdbc.SpringBootJdbcApplicationTests.logStartupProfileInfo:597 - The following profiles are active: test
2017-12-10 17:48:30.758 INFO [main]o.s.c.annotation.AnnotationConfigApplicationContext.prepareRefresh:583 - Refreshing org.springframework.context.annotation.AnnotationConfigApplicationContext@4681c175: startup date [Sun Dec 10 17:48:30 CST 2017]; root of context hierarchy
2017-12-10 17:48:32.291 INFO [main]c.y.p.springbootjdbc.SpringBootJdbcApplicationTests.logStarted:57 - Started SpringBootJdbcApplicationTests in 3.536 seconds (JVM running for 5.038)
2017-12-10 17:48:32.443 INFO [main]com.yimi.product.springbootjdbc.module.user.dao.UserDao.main:16 - test jdbc in spring boot
2017-12-10 17:48:32.450 INFO [Thread-4]o.s.c.annotation.AnnotationConfigApplicationContext.doClose:984 - Closing org.springframework.context.annotation.AnnotationConfigApplicationContext@4681c175: startup date [Sun Dec 10 17:48:30 CST 2017]; root of context hierarchy
2017-12-10 17:50:07.553 INFO [main]c.y.p.springbootjdbc.SpringBootJdbcApplicationTests.logStarting:48 - Starting SpringBootJdbcApplicationTests on sunshine with PID 13072 (started by peter in C:\Users\peter\Desktop\myproject\multi-module-product\spring-boot-jdbc)
2017-12-10 17:50:07.555 INFO [main]c.y.p.springbootjdbc.SpringBootJdbcApplicationTests.logStartupProfileInfo:597 - The following profiles are active: test
2017-12-10 17:50:07.629 INFO [main]o.s.c.annotation.AnnotationConfigApplicationContext.prepareRefresh:583 - Refreshing org.springframework.context.annotation.AnnotationConfigApplicationContext@6273c5a4: startup date [Sun Dec 10 17:50:07 CST 2017]; root of context hierarchy
2017-12-10 17:50:09.414 INFO [main]c.y.p.springbootjdbc.SpringBootJdbcApplicationTests.logStarted:57 - Started SpringBootJdbcApplicationTests in 4.234 seconds (JVM running for 5.679)
2017-12-10 17:50:09.522 INFO [main]com.yimi.product.springbootjdbc.module.user.dao.UserDao.main:16 - test jdbc in spring boot
2017-12-10 17:50:09.530 INFO [Thread-4]o.s.c.annotation.AnnotationConfigApplicationContext.doClose:984 - Closing org.springframework.context.annotation.AnnotationConfigApplicationContext@6273c5a4: startup date [Sun Dec 10 17:50:07 CST 2017]; root of context hierarchy
2017-12-10 17:50:32.942 INFO [main]c.y.p.springbootjdbc.SpringBootJdbcApplicationTests.logStarting:48 - Starting SpringBootJdbcApplicationTests on sunshine with PID 5324 (started by peter in C:\Users\peter\Desktop\myproject\multi-module-product\spring-boot-jdbc)
2017-12-10 17:50:32.944 INFO [main]c.y.p.springbootjdbc.SpringBootJdbcApplicationTests.logStartupProfileInfo:597 - The following profiles are active: test
2017-12-10 17:50:32.994 INFO [main]o.s.c.annotation.AnnotationConfigApplicationContext.prepareRefresh:583 - Refreshing org.springframework.context.annotation.AnnotationConfigApplicationContext@5d465e4b: startup date [Sun Dec 10 17:50:32 CST 2017]; root of context hierarchy
2017-12-10 17:50:34.554 INFO [main]c.y.p.springbootjdbc.SpringBootJdbcApplicationTests.logStarted:57 - Started SpringBootJdbcApplicationTests in 3.418 seconds (JVM running for 4.906)
2017-12-10 17:50:34.669 INFO [main]com.yimi.product.springbootjdbc.module.user.dao.UserDao.main:16 - test jdbc in spring boot
2017-12-10 17:50:34.677 INFO [Thread-4]o.s.c.annotation.AnnotationConfigApplicationContext.doClose:984 - Closing org.springframework.context.annotation.AnnotationConfigApplicationContext@5d465e4b: startup date [Sun Dec 10 17:50:32 CST 2017]; root of context hierarchy
2017-12-10 22:26:41.670 INFO [main]c.y.p.springbootjdbc.SpringBootJdbcApplicationTests.logStarting:48 - Starting SpringBootJdbcApplicationTests on sunshine with PID 13240 (started by peter in C:\Users\peter\Desktop\myproject\multi-module-product\spring-boot-jdbc)
2017-12-10 22:26:41.697 INFO [main]c.y.p.springbootjdbc.SpringBootJdbcApplicationTests.logStartupProfileInfo:597 - The following profiles are active: test
2017-12-10 22:26:41.758 INFO [main]o.s.c.annotation.AnnotationConfigApplicationContext.prepareRefresh:583 - Refreshing org.springframework.context.annotation.AnnotationConfigApplicationContext@710c2b53: startup date [Sun Dec 10 22:26:41 CST 2017]; root of context hierarchy
2017-12-10 22:26:44.060 INFO [main]c.y.p.springbootjdbc.SpringBootJdbcApplicationTests.logStarted:57 - Started SpringBootJdbcApplicationTests in 4.313 seconds (JVM running for 5.807)
2017-12-10 22:26:46.006 INFO [Thread-4]o.s.c.annotation.AnnotationConfigApplicationContext.doClose:984 - Closing org.springframework.context.annotation.AnnotationConfigApplicationContext@710c2b53: startup date [Sun Dec 10 22:26:41 CST 2017]; root of context hierarchy
2017-12-10 22:29:07.468 INFO [main]c.y.p.springbootjdbc.SpringBootJdbcApplicationTests.logStarting:48 - Starting SpringBootJdbcApplicationTests on sunshine with PID 12744 (started by peter in C:\Users\peter\Desktop\myproject\multi-module-product\spring-boot-jdbc)
2017-12-10 22:29:07.472 INFO [main]c.y.p.springbootjdbc.SpringBootJdbcApplicationTests.logStartupProfileInfo:597 - The following profiles are active: test
2017-12-10 22:29:07.536 INFO [main]o.s.c.annotation.AnnotationConfigApplicationContext.prepareRefresh:583 - Refreshing org.springframework.context.annotation.AnnotationConfigApplicationContext@117e0fe5: startup date [Sun Dec 10 22:29:07 CST 2017]; root of context hierarchy
2017-12-10 22:29:09.252 INFO [main]c.y.p.springbootjdbc.SpringBootJdbcApplicationTests.logStarted:57 - Started SpringBootJdbcApplicationTests in 3.632 seconds (JVM running for 5.168)
2017-12-10 22:29:11.545 INFO [Thread-4]o.s.c.annotation.AnnotationConfigApplicationContext.doClose:984 - Closing org.springframework.context.annotation.AnnotationConfigApplicationContext@117e0fe5: startup date [Sun Dec 10 22:29:07 CST 2017]; root of context hierarchy
2017-12-10 22:31:01.986 INFO [main]c.y.p.springbootjdbc.SpringBootJdbcApplicationTests.logStarting:48 - Starting SpringBootJdbcApplicationTests on sunshine with PID 12012 (started by peter in C:\Users\peter\Desktop\myproject\multi-module-product\spring-boot-jdbc)
2017-12-10 22:31:01.990 INFO [main]c.y.p.springbootjdbc.SpringBootJdbcApplicationTests.logStartupProfileInfo:597 - The following profiles are active: test
2017-12-10 22:31:02.029 INFO [main]o.s.c.annotation.AnnotationConfigApplicationContext.prepareRefresh:583 - Refreshing org.springframework.context.annotation.AnnotationConfigApplicationContext@18a3962d: startup date [Sun Dec 10 22:31:02 CST 2017]; root of context hierarchy
2017-12-10 22:31:03.732 INFO [main]c.y.p.springbootjdbc.SpringBootJdbcApplicationTests.logStarted:57 - Started SpringBootJdbcApplicationTests in 3.699 seconds (JVM running for 5.172)
2017-12-10 22:31:05.992 INFO [Thread-4]o.s.c.annotation.AnnotationConfigApplicationContext.doClose:984 - Closing org.springframework.context.annotation.AnnotationConfigApplicationContext@18a3962d: startup date [Sun Dec 10 22:31:02 CST 2017]; root of context hierarchy
2017-12-10 22:31:57.982 INFO [main]c.y.p.springbootjdbc.SpringBootJdbcApplicationTests.logStarting:48 - Starting SpringBootJdbcApplicationTests on sunshine with PID 1520 (started by peter in C:\Users\peter\Desktop\myproject\multi-module-product\spring-boot-jdbc)
2017-12-10 22:31:57.999 INFO [main]c.y.p.springbootjdbc.SpringBootJdbcApplicationTests.logStartupProfileInfo:597 - The following profiles are active: test
2017-12-10 22:31:58.102 INFO [main]o.s.c.annotation.AnnotationConfigApplicationContext.prepareRefresh:583 - Refreshing org.springframework.context.annotation.AnnotationConfigApplicationContext@710c2b53: startup date [Sun Dec 10 22:31:58 CST 2017]; root of context hierarchy
2017-12-10 22:31:59.750 INFO [main]c.y.p.springbootjdbc.SpringBootJdbcApplicationTests.logStarted:57 - Started SpringBootJdbcApplicationTests in 3.696 seconds (JVM running for 4.919)
2017-12-10 22:32:01.776 INFO [Thread-4]o.s.c.annotation.AnnotationConfigApplicationContext.doClose:984 - Closing org.springframework.context.annotation.AnnotationConfigApplicationContext@710c2b53: startup date [Sun Dec 10 22:31:58 CST 2017]; root of context hierarchy
2017-12-10 22:33:13.077 INFO [main]c.y.p.springbootjdbc.SpringBootJdbcApplicationTests.logStarting:48 - Starting SpringBootJdbcApplicationTests on sunshine with PID 17948 (started by peter in C:\Users\peter\Desktop\myproject\multi-module-product\spring-boot-jdbc)
2017-12-10 22:33:13.080 INFO [main]c.y.p.springbootjdbc.SpringBootJdbcApplicationTests.logStartupProfileInfo:597 - The following profiles are active: test
2017-12-10 22:33:13.112 INFO [main]o.s.c.annotation.AnnotationConfigApplicationContext.prepareRefresh:583 - Refreshing org.springframework.context.annotation.AnnotationConfigApplicationContext@117e0fe5: startup date [Sun Dec 10 22:33:13 CST 2017]; root of context hierarchy
2017-12-10 22:33:14.624 INFO [main]c.y.p.springbootjdbc.SpringBootJdbcApplicationTests.logStarted:57 - Started SpringBootJdbcApplicationTests in 3.443 seconds (JVM running for 4.953)
2017-12-10 22:33:16.842 INFO [Thread-4]o.s.c.annotation.AnnotationConfigApplicationContext.doClose:984 - Closing org.springframework.context.annotation.AnnotationConfigApplicationContext@117e0fe5: startup date [Sun Dec 10 22:33:13 CST 2017]; root of context hierarchy
2017-12-10 22:36:00.054 INFO [main]c.y.p.springbootjdbc.SpringBootJdbcApplicationTests.logStarting:48 - Starting SpringBootJdbcApplicationTests on sunshine with PID 8068 (started by peter in C:\Users\peter\Desktop\myproject\multi-module-product\spring-boot-jdbc)
2017-12-10 22:36:00.057 INFO [main]c.y.p.springbootjdbc.SpringBootJdbcApplicationTests.logStartupProfileInfo:597 - The following profiles are active: test
2017-12-10 22:36:00.140 INFO [main]o.s.c.annotation.AnnotationConfigApplicationContext.prepareRefresh:583 - Refreshing org.springframework.context.annotation.AnnotationConfigApplicationContext@117e0fe5: startup date [Sun Dec 10 22:36:00 CST 2017]; root of context hierarchy
2017-12-10 22:36:01.731 INFO [main]c.y.p.springbootjdbc.SpringBootJdbcApplicationTests.logStarted:57 - Started SpringBootJdbcApplicationTests in 3.585 seconds (JVM running for 5.403)
2017-12-10 22:36:03.874 INFO [Thread-4]o.s.c.annotation.AnnotationConfigApplicationContext.doClose:984 - Closing org.springframework.context.annotation.AnnotationConfigApplicationContext@117e0fe5: startup date [Sun Dec 10 22:36:00 CST 2017]; root of context hierarchy
2017-12-10 22:41:33.869 INFO [main]c.y.p.springbootjdbc.SpringBootJdbcApplicationTests.logStarting:48 - Starting SpringBootJdbcApplicationTests on sunshine with PID 10880 (started by peter in C:\Users\peter\Desktop\myproject\multi-module-product\spring-boot-jdbc)
2017-12-10 22:41:33.872 INFO [main]c.y.p.springbootjdbc.SpringBootJdbcApplicationTests.logStartupProfileInfo:597 - The following profiles are active: test
2017-12-10 22:41:33.909 INFO [main]o.s.c.annotation.AnnotationConfigApplicationContext.prepareRefresh:583 - Refreshing org.springframework.context.annotation.AnnotationConfigApplicationContext@117e0fe5: startup date [Sun Dec 10 22:41:33 CST 2017]; root of context hierarchy
2017-12-10 22:41:35.736 INFO [main]c.y.p.springbootjdbc.SpringBootJdbcApplicationTests.logStarted:57 - Started SpringBootJdbcApplicationTests in 4.112 seconds (JVM running for 5.537)
2017-12-10 22:41:37.913 INFO [main]o.s.beans.factory.xml.XmlBeanDefinitionReader.loadBeanDefinitions:317 - Loading XML bean definitions from class path resource [org/springframework/jdbc/support/sql-error-codes.xml]
2017-12-10 22:41:37.999 INFO [main]org.springframework.jdbc.support.SQLErrorCodesFactory.<init>:127 - SQLErrorCodes loaded: [DB2, Derby, H2, HSQL, Informix, MS-SQL, MySQL, Oracle, PostgreSQL, Sybase, Hana]
2017-12-10 22:41:38.037 INFO [Thread-4]o.s.c.annotation.AnnotationConfigApplicationContext.doClose:984 - Closing org.springframework.context.annotation.AnnotationConfigApplicationContext@117e0fe5: startup date [Sun Dec 10 22:41:33 CST 2017]; root of context hierarchy
2017-12-10 22:42:59.213 INFO [main]c.y.p.springbootjdbc.SpringBootJdbcApplicationTests.logStarting:48 - Starting SpringBootJdbcApplicationTests on sunshine with PID 18232 (started by peter in C:\Users\peter\Desktop\myproject\multi-module-product\spring-boot-jdbc)
2017-12-10 22:42:59.217 INFO [main]c.y.p.springbootjdbc.SpringBootJdbcApplicationTests.logStartupProfileInfo:597 - The following profiles are active: test
2017-12-10 22:42:59.297 INFO [main]o.s.c.annotation.AnnotationConfigApplicationContext.prepareRefresh:583 - Refreshing org.springframework.context.annotation.AnnotationConfigApplicationContext@710c2b53: startup date [Sun Dec 10 22:42:59 CST 2017]; root of context hierarchy
2017-12-10 22:43:01.605 INFO [main]c.y.p.springbootjdbc.SpringBootJdbcApplicationTests.logStarted:57 - Started SpringBootJdbcApplicationTests in 4.412 seconds (JVM running for 5.591)
2017-12-10 22:43:03.859 INFO [main]o.s.beans.factory.xml.XmlBeanDefinitionReader.loadBeanDefinitions:317 - Loading XML bean definitions from class path resource [org/springframework/jdbc/support/sql-error-codes.xml]
2017-12-10 22:43:03.930 INFO [main]org.springframework.jdbc.support.SQLErrorCodesFactory.<init>:127 - SQLErrorCodes loaded: [DB2, Derby, H2, HSQL, Informix, MS-SQL, MySQL, Oracle, PostgreSQL, Sybase, Hana]
2017-12-10 22:43:03.966 INFO [Thread-4]o.s.c.annotation.AnnotationConfigApplicationContext.doClose:984 - Closing org.springframework.context.annotation.AnnotationConfigApplicationContext@710c2b53: startup date [Sun Dec 10 22:42:59 CST 2017]; root of context hierarchy
2017-12-10 22:45:17.839 INFO [main]c.y.p.springbootjdbc.SpringBootJdbcApplicationTests.logStarting:48 - Starting SpringBootJdbcApplicationTests on sunshine with PID 17868 (started by peter in C:\Users\peter\Desktop\myproject\multi-module-product\spring-boot-jdbc)
2017-12-10 22:45:17.843 INFO [main]c.y.p.springbootjdbc.SpringBootJdbcApplicationTests.logStartupProfileInfo:597 - The following profiles are active: test
2017-12-10 22:45:17.897 INFO [main]o.s.c.annotation.AnnotationConfigApplicationContext.prepareRefresh:583 - Refreshing org.springframework.context.annotation.AnnotationConfigApplicationContext@117e0fe5: startup date [Sun Dec 10 22:45:17 CST 2017]; root of context hierarchy
2017-12-10 22:45:19.613 INFO [main]c.y.p.springbootjdbc.SpringBootJdbcApplicationTests.logStarted:57 - Started SpringBootJdbcApplicationTests in 4.031 seconds (JVM running for 5.537)
2017-12-10 22:45:21.813 INFO [Thread-4]o.s.c.annotation.AnnotationConfigApplicationContext.doClose:984 - Closing org.springframework.context.annotation.AnnotationConfigApplicationContext@117e0fe5: startup date [Sun Dec 10 22:45:17 CST 2017]; root of context hierarchy
2017-12-10 22:46:43.414 INFO [main]c.y.p.springbootjdbc.SpringBootJdbcApplicationTests.logStarting:48 - Starting SpringBootJdbcApplicationTests on sunshine with PID 9104 (started by peter in C:\Users\peter\Desktop\myproject\multi-module-product\spring-boot-jdbc)
2017-12-10 22:46:43.417 INFO [main]c.y.p.springbootjdbc.SpringBootJdbcApplicationTests.logStartupProfileInfo:597 - The following profiles are active: test
2017-12-10 22:46:43.455 INFO [main]o.s.c.annotation.AnnotationConfigApplicationContext.prepareRefresh:583 - Refreshing org.springframework.context.annotation.AnnotationConfigApplicationContext@117e0fe5: startup date [Sun Dec 10 22:46:43 CST 2017]; root of context hierarchy
2017-12-10 22:46:45.239 INFO [main]c.y.p.springbootjdbc.SpringBootJdbcApplicationTests.logStarted:57 - Started SpringBootJdbcApplicationTests in 4.064 seconds (JVM running for 5.577)
2017-12-10 22:46:47.555 INFO [Thread-4]o.s.c.annotation.AnnotationConfigApplicationContext.doClose:984 - Closing org.springframework.context.annotation.AnnotationConfigApplicationContext@117e0fe5: startup date [Sun Dec 10 22:46:43 CST 2017]; root of context hierarchy
2017-12-10 22:47:31.115 INFO [main]c.y.p.springbootjdbc.SpringBootJdbcApplicationTests.logStarting:48 - Starting SpringBootJdbcApplicationTests on sunshine with PID 11640 (started by peter in C:\Users\peter\Desktop\myproject\multi-module-product\spring-boot-jdbc)
2017-12-10 22:47:31.117 INFO [main]c.y.p.springbootjdbc.SpringBootJdbcApplicationTests.logStartupProfileInfo:597 - The following profiles are active: test
2017-12-10 22:47:31.189 INFO [main]o.s.c.annotation.AnnotationConfigApplicationContext.prepareRefresh:583 - Refreshing org.springframework.context.annotation.AnnotationConfigApplicationContext@18a3962d: startup date [Sun Dec 10 22:47:31 CST 2017]; root of context hierarchy
2017-12-10 22:47:33.135 INFO [main]c.y.p.springbootjdbc.SpringBootJdbcApplicationTests.logStarted:57 - Started SpringBootJdbcApplicationTests in 4.017 seconds (JVM running for 6.066)
2017-12-10 22:47:35.293 INFO [Thread-4]o.s.c.annotation.AnnotationConfigApplicationContext.doClose:984 - Closing org.springframework.context.annotation.AnnotationConfigApplicationContext@18a3962d: startup date [Sun Dec 10 22:47:31 CST 2017]; root of context hierarchy
