2017-12-10 17:36:01.327 INFO [main]c.yimi.product.springbootjdbc.SpringBootJdbcApplication.logStarting:48 - Starting SpringBootJdbcApplication on sunshine with PID 16708 (C:\Users\peter\Desktop\myproject\multi-module-product\spring-boot-jdbc\target\classes started by peter in C:\Users\peter\Desktop\myproject\multi-module-product)
2017-12-10 17:36:01.330 INFO [main]c.yimi.product.springbootjdbc.SpringBootJdbcApplication.logStartupProfileInfo:597 - The following profiles are active: test
2017-12-10 17:36:01.402 INFO [main]o.s.c.annotation.AnnotationConfigApplicationContext.prepareRefresh:583 - Refreshing org.springframework.context.annotation.AnnotationConfigApplicationContext@3ce1e309: startup date [Sun Dec 10 17:36:01 CST 2017]; root of context hierarchy
2017-12-10 17:36:02.432 INFO [main]o.s.jmx.export.annotation.AnnotationMBeanExporter.afterSingletonsInstantiated:431 - Registering beans for JMX exposure on startup
2017-12-10 17:36:02.446 INFO [main]c.yimi.product.springbootjdbc.SpringBootJdbcApplication.logStarted:57 - Started SpringBootJdbcApplication in 1.699 seconds (JVM running for 3.042)
2017-12-10 17:36:02.447 INFO [main]com.yimi.product.springbootjdbc.module.user.dao.UserDao.main:16 - test jdbc in spring boot
2017-12-10 17:36:02.448 INFO [Thread-8]o.s.c.annotation.AnnotationConfigApplicationContext.doClose:984 - Closing org.springframework.context.annotation.AnnotationConfigApplicationContext@3ce1e309: startup date [Sun Dec 10 17:36:01 CST 2017]; root of context hierarchy
2017-12-10 17:36:02.450 INFO [Thread-8]o.s.jmx.export.annotation.AnnotationMBeanExporter.destroy:449 - Unregistering JMX-exposed beans on shutdown
2017-12-10 17:37:50.871 INFO [main]c.yimi.product.springbootjdbc.SpringBootJdbcApplication.logStarting:48 - Starting SpringBootJdbcApplication on sunshine with PID 14972 (C:\Users\peter\Desktop\myproject\multi-module-product\spring-boot-jdbc\target\classes started by peter in C:\Users\peter\Desktop\myproject\multi-module-product)
2017-12-10 17:37:50.875 INFO [main]c.yimi.product.springbootjdbc.SpringBootJdbcApplication.logStartupProfileInfo:597 - The following profiles are active: test
2017-12-10 17:37:50.947 INFO [main]o.s.c.annotation.AnnotationConfigApplicationContext.prepareRefresh:583 - Refreshing org.springframework.context.annotation.AnnotationConfigApplicationContext@8dbdac1: startup date [Sun Dec 10 17:37:50 CST 2017]; root of context hierarchy
2017-12-10 17:37:51.865 INFO [main]o.s.jmx.export.annotation.AnnotationMBeanExporter.afterSingletonsInstantiated:431 - Registering beans for JMX exposure on startup
2017-12-10 17:37:51.879 INFO [main]c.yimi.product.springbootjdbc.SpringBootJdbcApplication.logStarted:57 - Started SpringBootJdbcApplication in 1.529 seconds (JVM running for 3.032)
2017-12-10 17:37:51.880 INFO [main]com.yimi.product.springbootjdbc.module.user.dao.UserDao.main:16 - test jdbc in spring boot
2017-12-10 17:37:51.881 INFO [Thread-10]o.s.c.annotation.AnnotationConfigApplicationContext.doClose:984 - Closing org.springframework.context.annotation.AnnotationConfigApplicationContext@8dbdac1: startup date [Sun Dec 10 17:37:50 CST 2017]; root of context hierarchy
2017-12-10 17:37:51.884 INFO [Thread-10]o.s.jmx.export.annotation.AnnotationMBeanExporter.destroy:449 - Unregistering JMX-exposed beans on shutdown
2017-12-10 17:39:27.816 INFO [main]c.yimi.product.springbootjdbc.SpringBootJdbcApplication.logStarting:48 - Starting SpringBootJdbcApplication on sunshine with PID 16276 (C:\Users\peter\Desktop\myproject\multi-module-product\spring-boot-jdbc\target\classes started by peter in C:\Users\peter\Desktop\myproject\multi-module-product)
2017-12-10 17:39:27.824 INFO [main]c.yimi.product.springbootjdbc.SpringBootJdbcApplication.logStartupProfileInfo:597 - The following profiles are active: test
2017-12-10 17:39:27.901 INFO [main]o.s.c.annotation.AnnotationConfigApplicationContext.prepareRefresh:583 - Refreshing org.springframework.context.annotation.AnnotationConfigApplicationContext@2e2ff723: startup date [Sun Dec 10 17:39:27 CST 2017]; root of context hierarchy
2017-12-10 17:39:29.030 INFO [main]o.s.jmx.export.annotation.AnnotationMBeanExporter.afterSingletonsInstantiated:431 - Registering beans for JMX exposure on startup
2017-12-10 17:39:29.046 INFO [main]c.yimi.product.springbootjdbc.SpringBootJdbcApplication.logStarted:57 - Started SpringBootJdbcApplication in 2.166 seconds (JVM running for 3.46)
2017-12-10 17:39:29.047 INFO [main]com.yimi.product.springbootjdbc.module.user.dao.UserDao.main:16 - test jdbc in spring boot
2017-12-10 17:39:29.049 INFO [Thread-9]o.s.c.annotation.AnnotationConfigApplicationContext.doClose:984 - Closing org.springframework.context.annotation.AnnotationConfigApplicationContext@2e2ff723: startup date [Sun Dec 10 17:39:27 CST 2017]; root of context hierarchy
2017-12-10 17:39:29.052 INFO [Thread-9]o.s.jmx.export.annotation.AnnotationMBeanExporter.destroy:449 - Unregistering JMX-exposed beans on shutdown
2017-12-10 17:40:03.124 INFO [main]c.yimi.product.springbootjdbc.SpringBootJdbcApplication.logStarting:48 - Starting SpringBootJdbcApplication on sunshine with PID 12648 (C:\Users\peter\Desktop\myproject\multi-module-product\spring-boot-jdbc\target\classes started by peter in C:\Users\peter\Desktop\myproject\multi-module-product)
2017-12-10 17:40:03.130 INFO [main]c.yimi.product.springbootjdbc.SpringBootJdbcApplication.logStartupProfileInfo:597 - The following profiles are active: test
2017-12-10 17:40:03.209 INFO [main]o.s.c.annotation.AnnotationConfigApplicationContext.prepareRefresh:583 - Refreshing org.springframework.context.annotation.AnnotationConfigApplicationContext@2e2ff723: startup date [Sun Dec 10 17:40:03 CST 2017]; root of context hierarchy
2017-12-10 17:40:04.335 INFO [main]o.s.jmx.export.annotation.AnnotationMBeanExporter.afterSingletonsInstantiated:431 - Registering beans for JMX exposure on startup
2017-12-10 17:40:04.352 INFO [main]c.yimi.product.springbootjdbc.SpringBootJdbcApplication.logStarted:57 - Started SpringBootJdbcApplication in 2.225 seconds (JVM running for 3.531)
2017-12-10 17:40:04.353 INFO [main]com.yimi.product.springbootjdbc.module.user.dao.UserDao.main:16 - test jdbc in spring boot
2017-12-10 17:40:04.354 INFO [Thread-9]o.s.c.annotation.AnnotationConfigApplicationContext.doClose:984 - Closing org.springframework.context.annotation.AnnotationConfigApplicationContext@2e2ff723: startup date [Sun Dec 10 17:40:03 CST 2017]; root of context hierarchy
2017-12-10 17:40:04.357 INFO [Thread-9]o.s.jmx.export.annotation.AnnotationMBeanExporter.destroy:449 - Unregistering JMX-exposed beans on shutdown
2017-12-10 17:40:20.602 INFO [main]c.yimi.product.springbootjdbc.SpringBootJdbcApplication.logStarting:48 - Starting SpringBootJdbcApplication on sunshine with PID 11164 (C:\Users\peter\Desktop\myproject\multi-module-product\spring-boot-jdbc\target\classes started by peter in C:\Users\peter\Desktop\myproject\multi-module-product)
2017-12-10 17:40:20.609 INFO [main]c.yimi.product.springbootjdbc.SpringBootJdbcApplication.logStartupProfileInfo:597 - The following profiles are active: test
2017-12-10 17:40:20.676 INFO [main]o.s.c.annotation.AnnotationConfigApplicationContext.prepareRefresh:583 - Refreshing org.springframework.context.annotation.AnnotationConfigApplicationContext@2e2ff723: startup date [Sun Dec 10 17:40:20 CST 2017]; root of context hierarchy
2017-12-10 17:40:21.748 INFO [main]o.s.jmx.export.annotation.AnnotationMBeanExporter.afterSingletonsInstantiated:431 - Registering beans for JMX exposure on startup
2017-12-10 17:40:21.763 INFO [main]c.yimi.product.springbootjdbc.SpringBootJdbcApplication.logStarted:57 - Started SpringBootJdbcApplication in 2.114 seconds (JVM running for 3.385)
2017-12-10 17:40:21.764 INFO [main]com.yimi.product.springbootjdbc.module.user.dao.UserDao.main:16 - test jdbc in spring boot
2017-12-10 17:40:21.766 INFO [Thread-9]o.s.c.annotation.AnnotationConfigApplicationContext.doClose:984 - Closing org.springframework.context.annotation.AnnotationConfigApplicationContext@2e2ff723: startup date [Sun Dec 10 17:40:20 CST 2017]; root of context hierarchy
2017-12-10 17:40:21.769 INFO [Thread-9]o.s.jmx.export.annotation.AnnotationMBeanExporter.destroy:449 - Unregistering JMX-exposed beans on shutdown
